[0.128s] DEBUG:colcon:Command line arguments: ['/usr/bin/colcon', 'list', '-p', '--base-paths', '/home/akshit/bcr_mani']
[0.128s] DEBUG:colcon:Parsed command line arguments: Namespace(log_base=None, log_level=None, verb_name='list', build_base='build', ignore_user_meta=False, metas=['./colcon.meta'], base_paths=['/home/akshit/bcr_mani'], packages_ignore=None, packages_ignore_regex=None, paths=None, packages_up_to=None, packages_up_to_regex=None, packages_above=None, packages_above_and_dependencies=None, packages_above_depth=None, packages_select_by_dep=None, packages_skip_by_dep=None, packages_skip_up_to=None, packages_select_build_failed=False, packages_skip_build_finished=False, packages_select_test_failures=False, packages_skip_test_passed=False, packages_select=None, packages_skip=None, packages_select_regex=None, packages_skip_regex=None, packages_start=None, packages_end=None, allow_overriding=[], topological_order=False, names_only=False, paths_only=True, topological_graph=False, topological_graph_dot=False, topological_graph_density=False, topological_graph_legend=False, topological_graph_dot_cluster=False, topological_graph_dot_include_skipped=False, mixin_files=None, mixin=None, verb_parser=<colcon_mixin.mixin.mixin_argument.MixinArgumentDecorator object at 0x7d979e088850>, verb_extension=<colcon_package_information.verb.list.ListVerb object at 0x7d979e1a5330>, main=<bound method ListVerb.main of <colcon_package_information.verb.list.ListVerb object at 0x7d979e1a5330>>, mixin_verb=('list',))
[0.344s] Level 1:colcon.colcon_core.package_discovery:discover_packages(colcon_meta) check parameters
[0.345s] Level 1:colcon.colcon_core.package_discovery:discover_packages(recursive) check parameters
[0.345s] Level 1:colcon.colcon_core.package_discovery:discover_packages(ignore) check parameters
[0.345s] Level 1:colcon.colcon_core.package_discovery:discover_packages(path) check parameters
[0.345s] Level 1:colcon.colcon_core.package_discovery:discover_packages(recursive) discover
[0.345s] INFO:colcon.colcon_core.package_discovery:Crawling recursively for packages in '/home/akshit/bcr_mani'
[0.345s] Level 1:colcon.colcon_core.package_identification:_identify(/home/akshit/bcr_mani) by extensions ['ignore', 'ignore_ament_install']
[0.345s] Level 1:colcon.colcon_core.package_identification:_identify(/home/akshit/bcr_mani) by extension 'ignore'
[0.345s] Level 1:colcon.colcon_core.package_identification:_identify(/home/akshit/bcr_mani) by extension 'ignore_ament_install'
[0.345s] Level 1:colcon.colcon_core.package_identification:_identify(/home/akshit/bcr_mani) by extensions ['colcon_pkg']
[0.345s] Level 1:colcon.colcon_core.package_identification:_identify(/home/akshit/bcr_mani) by extension 'colcon_pkg'
[0.345s] Level 1:colcon.colcon_core.package_identification:_identify(/home/akshit/bcr_mani) by extensions ['colcon_meta']
[0.345s] Level 1:colcon.colcon_core.package_identification:_identify(/home/akshit/bcr_mani) by extension 'colcon_meta'
[0.346s] Level 1:colcon.colcon_core.package_identification:_identify(/home/akshit/bcr_mani) by extensions ['ros']
[0.346s] Level 1:colcon.colcon_core.package_identification:_identify(/home/akshit/bcr_mani) by extension 'ros'
[0.360s] Level 1:colcon.colcon_core.package_identification:_identify(/home/akshit/bcr_mani) by extensions ['cmake', 'python']
[0.360s] Level 1:colcon.colcon_core.package_identification:_identify(/home/akshit/bcr_mani) by extension 'cmake'
[0.360s] Level 1:colcon.colcon_core.package_identification:_identify(/home/akshit/bcr_mani) by extension 'python'
[0.360s] Level 1:colcon.colcon_core.package_identification:_identify(/home/akshit/bcr_mani) by extensions ['python_setup_py']
[0.360s] Level 1:colcon.colcon_core.package_identification:_identify(/home/akshit/bcr_mani) by extension 'python_setup_py'
[0.360s] Level 1:colcon.colcon_core.package_identification:_identify(/home/akshit/bcr_mani/build) by extensions ['ignore', 'ignore_ament_install']
[0.360s] Level 1:colcon.colcon_core.package_identification:_identify(/home/akshit/bcr_mani/build) by extension 'ignore'
[0.361s] Level 1:colcon.colcon_core.package_identification:_identify(/home/akshit/bcr_mani/build) ignored
[0.361s] Level 1:colcon.colcon_core.package_identification:_identify(/home/akshit/bcr_mani/install) by extensions ['ignore', 'ignore_ament_install']
[0.361s] Level 1:colcon.colcon_core.package_identification:_identify(/home/akshit/bcr_mani/install) by extension 'ignore'
[0.361s] Level 1:colcon.colcon_core.package_identification:_identify(/home/akshit/bcr_mani/install) ignored
[0.361s] Level 1:colcon.colcon_core.package_identification:_identify(/home/akshit/bcr_mani/log) by extensions ['ignore', 'ignore_ament_install']
[0.361s] Level 1:colcon.colcon_core.package_identification:_identify(/home/akshit/bcr_mani/log) by extension 'ignore'
[0.361s] Level 1:colcon.colcon_core.package_identification:_identify(/home/akshit/bcr_mani/log) ignored
[0.361s] Level 1:colcon.colcon_core.package_identification:_identify(/home/akshit/bcr_mani/src) by extensions ['ignore', 'ignore_ament_install']
[0.361s] Level 1:colcon.colcon_core.package_identification:_identify(/home/akshit/bcr_mani/src) by extension 'ignore'
[0.361s] Level 1:colcon.colcon_core.package_identification:_identify(/home/akshit/bcr_mani/src) by extension 'ignore_ament_install'
[0.362s] Level 1:colcon.colcon_core.package_identification:_identify(/home/akshit/bcr_mani/src) by extensions ['colcon_pkg']
[0.362s] Level 1:colcon.colcon_core.package_identification:_identify(/home/akshit/bcr_mani/src) by extension 'colcon_pkg'
[0.362s] Level 1:colcon.colcon_core.package_identification:_identify(/home/akshit/bcr_mani/src) by extensions ['colcon_meta']
[0.362s] Level 1:colcon.colcon_core.package_identification:_identify(/home/akshit/bcr_mani/src) by extension 'colcon_meta'
[0.362s] Level 1:colcon.colcon_core.package_identification:_identify(/home/akshit/bcr_mani/src) by extensions ['ros']
[0.362s] Level 1:colcon.colcon_core.package_identification:_identify(/home/akshit/bcr_mani/src) by extension 'ros'
[0.362s] Level 1:colcon.colcon_core.package_identification:_identify(/home/akshit/bcr_mani/src) by extensions ['cmake', 'python']
[0.362s] Level 1:colcon.colcon_core.package_identification:_identify(/home/akshit/bcr_mani/src) by extension 'cmake'
[0.362s] Level 1:colcon.colcon_core.package_identification:_identify(/home/akshit/bcr_mani/src) by extension 'python'
[0.362s] Level 1:colcon.colcon_core.package_identification:_identify(/home/akshit/bcr_mani/src) by extensions ['python_setup_py']
[0.362s] Level 1:colcon.colcon_core.package_identification:_identify(/home/akshit/bcr_mani/src) by extension 'python_setup_py'
[0.362s] Level 1:colcon.colcon_core.package_identification:_identify(/home/akshit/bcr_mani/src/bcr_mov) by extensions ['ignore', 'ignore_ament_install']
[0.362s] Level 1:colcon.colcon_core.package_identification:_identify(/home/akshit/bcr_mani/src/bcr_mov) by extension 'ignore'
[0.362s] Level 1:colcon.colcon_core.package_identification:_identify(/home/akshit/bcr_mani/src/bcr_mov) by extension 'ignore_ament_install'
[0.362s] Level 1:colcon.colcon_core.package_identification:_identify(/home/akshit/bcr_mani/src/bcr_mov) by extensions ['colcon_pkg']
[0.362s] Level 1:colcon.colcon_core.package_identification:_identify(/home/akshit/bcr_mani/src/bcr_mov) by extension 'colcon_pkg'
[0.363s] Level 1:colcon.colcon_core.package_identification:_identify(/home/akshit/bcr_mani/src/bcr_mov) by extensions ['colcon_meta']
[0.363s] Level 1:colcon.colcon_core.package_identification:_identify(/home/akshit/bcr_mani/src/bcr_mov) by extension 'colcon_meta'
[0.363s] Level 1:colcon.colcon_core.package_identification:_identify(/home/akshit/bcr_mani/src/bcr_mov) by extensions ['ros']
[0.363s] Level 1:colcon.colcon_core.package_identification:_identify(/home/akshit/bcr_mani/src/bcr_mov) by extension 'ros'
[0.366s] DEBUG:colcon.colcon_core.package_identification:Package '/home/akshit/bcr_mani/src/bcr_mov' with type 'ros.ament_cmake' and name 'bcr_mov'
[0.367s] Level 1:colcon.colcon_core.package_identification:_identify(/home/akshit/bcr_mani/src/bcr_moveit_config) by extensions ['ignore', 'ignore_ament_install']
[0.367s] Level 1:colcon.colcon_core.package_identification:_identify(/home/akshit/bcr_mani/src/bcr_moveit_config) by extension 'ignore'
[0.367s] Level 1:colcon.colcon_core.package_identification:_identify(/home/akshit/bcr_mani/src/bcr_moveit_config) by extension 'ignore_ament_install'
[0.367s] Level 1:colcon.colcon_core.package_identification:_identify(/home/akshit/bcr_mani/src/bcr_moveit_config) by extensions ['colcon_pkg']
[0.367s] Level 1:colcon.colcon_core.package_identification:_identify(/home/akshit/bcr_mani/src/bcr_moveit_config) by extension 'colcon_pkg'
[0.367s] Level 1:colcon.colcon_core.package_identification:_identify(/home/akshit/bcr_mani/src/bcr_moveit_config) by extensions ['colcon_meta']
[0.367s] Level 1:colcon.colcon_core.package_identification:_identify(/home/akshit/bcr_mani/src/bcr_moveit_config) by extension 'colcon_meta'
[0.367s] Level 1:colcon.colcon_core.package_identification:_identify(/home/akshit/bcr_mani/src/bcr_moveit_config) by extensions ['ros']
[0.367s] Level 1:colcon.colcon_core.package_identification:_identify(/home/akshit/bcr_mani/src/bcr_moveit_config) by extension 'ros'
[0.368s] DEBUG:colcon.colcon_core.package_identification:Package '/home/akshit/bcr_mani/src/bcr_moveit_config' with type 'ros.ament_cmake' and name 'bcr_moveit_config'
[0.369s] Level 1:colcon.colcon_core.package_discovery:discover_packages(recursive) using defaults
