[0.091s] DEBUG:colcon:Command line arguments: ['/usr/bin/colcon', 'build']
[0.091s] DEBUG:colcon:Parsed command line arguments: Namespace(log_base=None, log_level=None, verb_name='build', build_base='build', install_base='install', merge_install=False, symlink_install=False, test_result_base=None, continue_on_error=False, executor='parallel', parallel_workers=16, event_handlers=None, ignore_user_meta=False, metas=['./colcon.meta'], base_paths=['.'], packages_ignore=None, packages_ignore_regex=None, paths=None, packages_up_to=None, packages_up_to_regex=None, packages_above=None, packages_above_and_dependencies=None, packages_above_depth=None, packages_select_by_dep=None, packages_skip_by_dep=None, packages_skip_up_to=None, packages_select_build_failed=False, packages_skip_build_finished=False, packages_select_test_failures=False, packages_skip_test_passed=False, packages_select=None, packages_skip=None, packages_select_regex=None, packages_skip_regex=None, packages_start=None, packages_end=None, allow_overriding=[], cmake_args=None, cmake_target=None, cmake_target_skip_unavailable=False, cmake_clean_cache=False, cmake_clean_first=False, cmake_force_configure=False, ament_cmake_args=None, catkin_cmake_args=None, catkin_skip_building_tests=False, mixin_files=None, mixin=None, verb_parser=<colcon_mixin.mixin.mixin_argument.MixinArgumentDecorator object at 0x7b98be24f700>, verb_extension=<colcon_core.verb.build.BuildVerb object at 0x7b98be36bd30>, main=<bound method BuildVerb.main of <colcon_core.verb.build.BuildVerb object at 0x7b98be36bd30>>, mixin_verb=('build',))
[0.224s] Level 1:colcon.colcon_core.package_discovery:discover_packages(colcon_meta) check parameters
[0.225s] Level 1:colcon.colcon_core.package_discovery:discover_packages(recursive) check parameters
[0.225s] Level 1:colcon.colcon_core.package_discovery:discover_packages(ignore) check parameters
[0.225s] Level 1:colcon.colcon_core.package_discovery:discover_packages(path) check parameters
[0.225s] Level 1:colcon.colcon_core.package_discovery:discover_packages(colcon_meta) discover
[0.225s] Level 1:colcon.colcon_core.package_discovery:discover_packages(recursive) discover
[0.225s] INFO:colcon.colcon_core.package_discovery:Crawling recursively for packages in '/home/akshit/bcr_mani'
[0.225s] Level 1:colcon.colcon_core.package_identification:_identify(.) by extensions ['ignore', 'ignore_ament_install']
[0.225s] Level 1:colcon.colcon_core.package_identification:_identify(.) by extension 'ignore'
[0.225s] Level 1:colcon.colcon_core.package_identification:_identify(.) by extension 'ignore_ament_install'
[0.225s] Level 1:colcon.colcon_core.package_identification:_identify(.) by extensions ['colcon_pkg']
[0.225s] Level 1:colcon.colcon_core.package_identification:_identify(.) by extension 'colcon_pkg'
[0.225s] Level 1:colcon.colcon_core.package_identification:_identify(.) by extensions ['colcon_meta']
[0.225s] Level 1:colcon.colcon_core.package_identification:_identify(.) by extension 'colcon_meta'
[0.225s] Level 1:colcon.colcon_core.package_identification:_identify(.) by extensions ['ros']
[0.225s] Level 1:colcon.colcon_core.package_identification:_identify(.) by extension 'ros'
[0.233s] Level 1:colcon.colcon_core.package_identification:_identify(.) by extensions ['cmake', 'python']
[0.233s] Level 1:colcon.colcon_core.package_identification:_identify(.) by extension 'cmake'
[0.233s] Level 1:colcon.colcon_core.package_identification:_identify(.) by extension 'python'
[0.233s] Level 1:colcon.colcon_core.package_identification:_identify(.) by extensions ['python_setup_py']
[0.233s] Level 1:colcon.colcon_core.package_identification:_identify(.) by extension 'python_setup_py'
[0.233s] Level 1:colcon.colcon_core.package_identification:_identify(build) by extensions ['ignore', 'ignore_ament_install']
[0.234s] Level 1:colcon.colcon_core.package_identification:_identify(build) by extension 'ignore'
[0.234s] Level 1:colcon.colcon_core.package_identification:_identify(build) ignored
[0.234s] Level 1:colcon.colcon_core.package_identification:_identify(install) by extensions ['ignore', 'ignore_ament_install']
[0.234s] Level 1:colcon.colcon_core.package_identification:_identify(install) by extension 'ignore'
[0.234s] Level 1:colcon.colcon_core.package_identification:_identify(install) ignored
[0.234s] Level 1:colcon.colcon_core.package_identification:_identify(log) by extensions ['ignore', 'ignore_ament_install']
[0.234s] Level 1:colcon.colcon_core.package_identification:_identify(log) by extension 'ignore'
[0.234s] Level 1:colcon.colcon_core.package_identification:_identify(log) ignored
[0.234s] Level 1:colcon.colcon_core.package_identification:_identify(src) by extensions ['ignore', 'ignore_ament_install']
[0.234s] Level 1:colcon.colcon_core.package_identification:_identify(src) by extension 'ignore'
[0.234s] Level 1:colcon.colcon_core.package_identification:_identify(src) by extension 'ignore_ament_install'
[0.234s] Level 1:colcon.colcon_core.package_identification:_identify(src) by extensions ['colcon_pkg']
[0.234s] Level 1:colcon.colcon_core.package_identification:_identify(src) by extension 'colcon_pkg'
[0.234s] Level 1:colcon.colcon_core.package_identification:_identify(src) by extensions ['colcon_meta']
[0.234s] Level 1:colcon.colcon_core.package_identification:_identify(src) by extension 'colcon_meta'
[0.234s] Level 1:colcon.colcon_core.package_identification:_identify(src) by extensions ['ros']
[0.234s] Level 1:colcon.colcon_core.package_identification:_identify(src) by extension 'ros'
[0.234s] Level 1:colcon.colcon_core.package_identification:_identify(src) by extensions ['cmake', 'python']
[0.234s] Level 1:colcon.colcon_core.package_identification:_identify(src) by extension 'cmake'
[0.234s] Level 1:colcon.colcon_core.package_identification:_identify(src) by extension 'python'
[0.234s] Level 1:colcon.colcon_core.package_identification:_identify(src) by extensions ['python_setup_py']
[0.234s] Level 1:colcon.colcon_core.package_identification:_identify(src) by extension 'python_setup_py'
[0.234s] Level 1:colcon.colcon_core.package_identification:_identify(src/bcr_mov) by extensions ['ignore', 'ignore_ament_install']
[0.234s] Level 1:colcon.colcon_core.package_identification:_identify(src/bcr_mov) by extension 'ignore'
[0.234s] Level 1:colcon.colcon_core.package_identification:_identify(src/bcr_mov) by extension 'ignore_ament_install'
[0.235s] Level 1:colcon.colcon_core.package_identification:_identify(src/bcr_mov) by extensions ['colcon_pkg']
[0.235s] Level 1:colcon.colcon_core.package_identification:_identify(src/bcr_mov) by extension 'colcon_pkg'
[0.235s] Level 1:colcon.colcon_core.package_identification:_identify(src/bcr_mov) by extensions ['colcon_meta']
[0.235s] Level 1:colcon.colcon_core.package_identification:_identify(src/bcr_mov) by extension 'colcon_meta'
[0.235s] Level 1:colcon.colcon_core.package_identification:_identify(src/bcr_mov) by extensions ['ros']
[0.235s] Level 1:colcon.colcon_core.package_identification:_identify(src/bcr_mov) by extension 'ros'
[0.249s] DEBUG:colcon.colcon_core.package_identification:Package 'src/bcr_mov' with type 'ros.ament_cmake' and name 'bcr_mov'
[0.249s] Level 1:colcon.colcon_core.package_identification:_identify(src/bcr_moveit_config) by extensions ['ignore', 'ignore_ament_install']
[0.249s] Level 1:colcon.colcon_core.package_identification:_identify(src/bcr_moveit_config) by extension 'ignore'
[0.249s] Level 1:colcon.colcon_core.package_identification:_identify(src/bcr_moveit_config) by extension 'ignore_ament_install'
[0.249s] Level 1:colcon.colcon_core.package_identification:_identify(src/bcr_moveit_config) by extensions ['colcon_pkg']
[0.249s] Level 1:colcon.colcon_core.package_identification:_identify(src/bcr_moveit_config) by extension 'colcon_pkg'
[0.249s] Level 1:colcon.colcon_core.package_identification:_identify(src/bcr_moveit_config) by extensions ['colcon_meta']
[0.249s] Level 1:colcon.colcon_core.package_identification:_identify(src/bcr_moveit_config) by extension 'colcon_meta'
[0.249s] Level 1:colcon.colcon_core.package_identification:_identify(src/bcr_moveit_config) by extensions ['ros']
[0.249s] Level 1:colcon.colcon_core.package_identification:_identify(src/bcr_moveit_config) by extension 'ros'
[0.250s] DEBUG:colcon.colcon_core.package_identification:Package 'src/bcr_moveit_config' with type 'ros.ament_cmake' and name 'bcr_moveit_config'
[0.250s] Level 1:colcon.colcon_core.package_discovery:discover_packages(recursive) using defaults
[0.250s] Level 1:colcon.colcon_core.package_discovery:discover_packages(ignore) discover
[0.250s] Level 1:colcon.colcon_core.package_discovery:discover_packages(ignore) using defaults
[0.250s] Level 1:colcon.colcon_core.package_discovery:discover_packages(path) discover
[0.250s] Level 1:colcon.colcon_core.package_discovery:discover_packages(path) using defaults
[0.263s] Level 1:colcon.colcon_core.package_discovery:discover_packages(prefix_path) check parameters
[0.264s] Level 1:colcon.colcon_core.package_discovery:discover_packages(prefix_path) discover
[0.265s] DEBUG:colcon.colcon_installed_package_information.package_discovery:Found 1 installed packages in /home/akshit/pymoveit/install
[0.266s] DEBUG:colcon.colcon_installed_package_information.package_discovery:Found 457 installed packages in /opt/ros/humble
[0.268s] Level 1:colcon.colcon_core.package_discovery:discover_packages(prefix_path) using defaults
[0.304s] Level 5:colcon.colcon_core.verb:set package 'bcr_mov' build argument 'cmake_args' from command line to 'None'
[0.304s] Level 5:colcon.colcon_core.verb:set package 'bcr_mov' build argument 'cmake_target' from command line to 'None'
[0.305s] Level 5:colcon.colcon_core.verb:set package 'bcr_mov' build argument 'cmake_target_skip_unavailable' from command line to 'False'
[0.305s] Level 5:colcon.colcon_core.verb:set package 'bcr_mov' build argument 'cmake_clean_cache' from command line to 'False'
[0.305s] Level 5:colcon.colcon_core.verb:set package 'bcr_mov' build argument 'cmake_clean_first' from command line to 'False'
[0.305s] Level 5:colcon.colcon_core.verb:set package 'bcr_mov' build argument 'cmake_force_configure' from command line to 'False'
[0.305s] Level 5:colcon.colcon_core.verb:set package 'bcr_mov' build argument 'ament_cmake_args' from command line to 'None'
[0.305s] Level 5:colcon.colcon_core.verb:set package 'bcr_mov' build argument 'catkin_cmake_args' from command line to 'None'
[0.305s] Level 5:colcon.colcon_core.verb:set package 'bcr_mov' build argument 'catkin_skip_building_tests' from command line to 'False'
[0.305s] DEBUG:colcon.colcon_core.verb:Building package 'bcr_mov' with the following arguments: {'ament_cmake_args': None, 'build_base': '/home/akshit/bcr_mani/build/bcr_mov', 'catkin_cmake_args': None, 'catkin_skip_building_tests': False, 'cmake_args': None, 'cmake_clean_cache': False, 'cmake_clean_first': False, 'cmake_force_configure': False, 'cmake_target': None, 'cmake_target_skip_unavailable': False, 'install_base': '/home/akshit/bcr_mani/install/bcr_mov', 'merge_install': False, 'path': '/home/akshit/bcr_mani/src/bcr_mov', 'symlink_install': False, 'test_result_base': None}
[0.305s] Level 5:colcon.colcon_core.verb:set package 'bcr_moveit_config' build argument 'cmake_args' from command line to 'None'
[0.305s] Level 5:colcon.colcon_core.verb:set package 'bcr_moveit_config' build argument 'cmake_target' from command line to 'None'
[0.305s] Level 5:colcon.colcon_core.verb:set package 'bcr_moveit_config' build argument 'cmake_target_skip_unavailable' from command line to 'False'
[0.305s] Level 5:colcon.colcon_core.verb:set package 'bcr_moveit_config' build argument 'cmake_clean_cache' from command line to 'False'
[0.305s] Level 5:colcon.colcon_core.verb:set package 'bcr_moveit_config' build argument 'cmake_clean_first' from command line to 'False'
[0.305s] Level 5:colcon.colcon_core.verb:set package 'bcr_moveit_config' build argument 'cmake_force_configure' from command line to 'False'
[0.305s] Level 5:colcon.colcon_core.verb:set package 'bcr_moveit_config' build argument 'ament_cmake_args' from command line to 'None'
[0.305s] Level 5:colcon.colcon_core.verb:set package 'bcr_moveit_config' build argument 'catkin_cmake_args' from command line to 'None'
[0.305s] Level 5:colcon.colcon_core.verb:set package 'bcr_moveit_config' build argument 'catkin_skip_building_tests' from command line to 'False'
[0.305s] DEBUG:colcon.colcon_core.verb:Building package 'bcr_moveit_config' with the following arguments: {'ament_cmake_args': None, 'build_base': '/home/akshit/bcr_mani/build/bcr_moveit_config', 'catkin_cmake_args': None, 'catkin_skip_building_tests': False, 'cmake_args': None, 'cmake_clean_cache': False, 'cmake_clean_first': False, 'cmake_force_configure': False, 'cmake_target': None, 'cmake_target_skip_unavailable': False, 'install_base': '/home/akshit/bcr_mani/install/bcr_moveit_config', 'merge_install': False, 'path': '/home/akshit/bcr_mani/src/bcr_moveit_config', 'symlink_install': False, 'test_result_base': None}
[0.305s] INFO:colcon.colcon_core.executor:Executing jobs using 'parallel' executor
[0.306s] DEBUG:colcon.colcon_parallel_executor.executor.parallel:run_until_complete
[0.306s] INFO:colcon.colcon_ros.task.ament_cmake.build:Building ROS package in '/home/akshit/bcr_mani/src/bcr_mov' with build type 'ament_cmake'
[0.306s] INFO:colcon.colcon_cmake.task.cmake.build:Building CMake package in '/home/akshit/bcr_mani/src/bcr_mov'
[0.312s] INFO:colcon.colcon_core.plugin_system:Skipping extension 'colcon_core.shell.bat': Not used on non-Windows systems
[0.312s] INFO:colcon.colcon_core.shell:Skip shell extension 'powershell' for command environment: Not usable outside of PowerShell
[0.312s] DEBUG:colcon.colcon_core.shell:Skip shell extension 'dsv' for command environment
[0.316s] INFO:colcon.colcon_ros.task.ament_cmake.build:Building ROS package in '/home/akshit/bcr_mani/src/bcr_moveit_config' with build type 'ament_cmake'
[0.316s] INFO:colcon.colcon_cmake.task.cmake.build:Building CMake package in '/home/akshit/bcr_mani/src/bcr_moveit_config'
[0.316s] INFO:colcon.colcon_core.shell:Skip shell extension 'powershell' for command environment: Not usable outside of PowerShell
[0.316s] DEBUG:colcon.colcon_core.shell:Skip shell extension 'dsv' for command environment
[0.321s] DEBUG:colcon.colcon_core.event_handler.log_command:Invoking command in '/home/akshit/bcr_mani/build/bcr_mov': CMAKE_PREFIX_PATH=${CMAKE_PREFIX_PATH}:/opt/ros/humble /usr/bin/cmake /home/akshit/bcr_mani/src/bcr_mov -DCMAKE_INSTALL_PREFIX=/home/akshit/bcr_mani/install/bcr_mov
[0.327s] DEBUG:colcon.colcon_core.event_handler.log_command:Invoking command in '/home/akshit/bcr_mani/build/bcr_moveit_config': CMAKE_PREFIX_PATH=${CMAKE_PREFIX_PATH}:/opt/ros/humble /usr/bin/cmake /home/akshit/bcr_mani/src/bcr_moveit_config -DCMAKE_INSTALL_PREFIX=/home/akshit/bcr_mani/install/bcr_moveit_config
[1.006s] DEBUG:colcon.colcon_core.event_handler.log_command:Invoked command in '/home/akshit/bcr_mani/build/bcr_moveit_config' returned '0': CMAKE_PREFIX_PATH=${CMAKE_PREFIX_PATH}:/opt/ros/humble /usr/bin/cmake /home/akshit/bcr_mani/src/bcr_moveit_config -DCMAKE_INSTALL_PREFIX=/home/akshit/bcr_mani/install/bcr_moveit_config
[1.008s] DEBUG:colcon.colcon_core.event_handler.log_command:Invoking command in '/home/akshit/bcr_mani/build/bcr_moveit_config': CMAKE_PREFIX_PATH=${CMAKE_PREFIX_PATH}:/opt/ros/humble /usr/bin/cmake --build /home/akshit/bcr_mani/build/bcr_moveit_config -- -j16 -l16
[1.026s] DEBUG:colcon.colcon_core.event_handler.log_command:Invoked command in '/home/akshit/bcr_mani/build/bcr_mov' returned '0': CMAKE_PREFIX_PATH=${CMAKE_PREFIX_PATH}:/opt/ros/humble /usr/bin/cmake /home/akshit/bcr_mani/src/bcr_mov -DCMAKE_INSTALL_PREFIX=/home/akshit/bcr_mani/install/bcr_mov
[1.028s] DEBUG:colcon.colcon_core.event_handler.log_command:Invoking command in '/home/akshit/bcr_mani/build/bcr_mov': CMAKE_PREFIX_PATH=${CMAKE_PREFIX_PATH}:/opt/ros/humble /usr/bin/cmake --build /home/akshit/bcr_mani/build/bcr_mov -- -j16 -l16
[1.052s] DEBUG:colcon.colcon_core.event_handler.log_command:Invoked command in '/home/akshit/bcr_mani/build/bcr_moveit_config' returned '0': CMAKE_PREFIX_PATH=${CMAKE_PREFIX_PATH}:/opt/ros/humble /usr/bin/cmake --build /home/akshit/bcr_mani/build/bcr_moveit_config -- -j16 -l16
[1.072s] DEBUG:colcon.colcon_core.event_handler.log_command:Invoked command in '/home/akshit/bcr_mani/build/bcr_mov' returned '0': CMAKE_PREFIX_PATH=${CMAKE_PREFIX_PATH}:/opt/ros/humble /usr/bin/cmake --build /home/akshit/bcr_mani/build/bcr_mov -- -j16 -l16
[1.091s] DEBUG:colcon.colcon_core.event_handler.log_command:Invoking command in '/home/akshit/bcr_mani/build/bcr_moveit_config': CMAKE_PREFIX_PATH=${CMAKE_PREFIX_PATH}:/opt/ros/humble /usr/bin/cmake --install /home/akshit/bcr_mani/build/bcr_moveit_config
[1.102s] DEBUG:colcon.colcon_core.event_handler.log_command:Invoking command in '/home/akshit/bcr_mani/build/bcr_mov': CMAKE_PREFIX_PATH=${CMAKE_PREFIX_PATH}:/opt/ros/humble /usr/bin/cmake --install /home/akshit/bcr_mani/build/bcr_mov
[1.106s] Level 1:colcon.colcon_core.environment:create_environment_scripts_only(bcr_moveit_config)
[1.107s] DEBUG:colcon.colcon_core.event_handler.log_command:Invoked command in '/home/akshit/bcr_mani/build/bcr_moveit_config' returned '0': CMAKE_PREFIX_PATH=${CMAKE_PREFIX_PATH}:/opt/ros/humble /usr/bin/cmake --install /home/akshit/bcr_mani/build/bcr_moveit_config
[1.112s] Level 1:colcon.colcon_core.environment:checking '/home/akshit/bcr_mani/install/bcr_moveit_config' for CMake module files
[1.113s] Level 1:colcon.colcon_core.environment:checking '/home/akshit/bcr_mani/install/bcr_moveit_config' for CMake config files
[1.113s] Level 1:colcon.colcon_core.shell:create_environment_hook('bcr_moveit_config', 'cmake_prefix_path')
[1.113s] INFO:colcon.colcon_core.shell:Creating environment hook '/home/akshit/bcr_mani/install/bcr_moveit_config/share/bcr_moveit_config/hook/cmake_prefix_path.ps1'
[1.114s] INFO:colcon.colcon_core.shell:Creating environment descriptor '/home/akshit/bcr_mani/install/bcr_moveit_config/share/bcr_moveit_config/hook/cmake_prefix_path.dsv'
[1.114s] INFO:colcon.colcon_core.shell:Creating environment hook '/home/akshit/bcr_mani/install/bcr_moveit_config/share/bcr_moveit_config/hook/cmake_prefix_path.sh'
[1.115s] Level 1:colcon.colcon_core.environment:checking '/home/akshit/bcr_mani/install/bcr_moveit_config/bin'
[1.115s] Level 1:colcon.colcon_core.environment:checking '/home/akshit/bcr_mani/install/bcr_moveit_config/lib/pkgconfig/bcr_moveit_config.pc'
[1.115s] Level 1:colcon.colcon_core.environment:checking '/home/akshit/bcr_mani/install/bcr_moveit_config/lib/python3.10/site-packages'
[1.115s] Level 1:colcon.colcon_core.environment:checking '/home/akshit/bcr_mani/install/bcr_moveit_config/bin'
[1.115s] INFO:colcon.colcon_core.shell:Creating package script '/home/akshit/bcr_mani/install/bcr_moveit_config/share/bcr_moveit_config/package.ps1'
[1.116s] INFO:colcon.colcon_core.shell:Creating package descriptor '/home/akshit/bcr_mani/install/bcr_moveit_config/share/bcr_moveit_config/package.dsv'
[1.116s] INFO:colcon.colcon_core.shell:Creating package script '/home/akshit/bcr_mani/install/bcr_moveit_config/share/bcr_moveit_config/package.sh'
[1.117s] INFO:colcon.colcon_core.shell:Creating package script '/home/akshit/bcr_mani/install/bcr_moveit_config/share/bcr_moveit_config/package.bash'
[1.118s] INFO:colcon.colcon_core.shell:Creating package script '/home/akshit/bcr_mani/install/bcr_moveit_config/share/bcr_moveit_config/package.zsh'
[1.118s] Level 1:colcon.colcon_core.environment:create_file_with_runtime_dependencies(/home/akshit/bcr_mani/install/bcr_moveit_config/share/colcon-core/packages/bcr_moveit_config)
[1.120s] Level 1:colcon.colcon_core.environment:create_environment_scripts_only(bcr_mov)
[1.120s] Level 1:colcon.colcon_core.environment:checking '/home/akshit/bcr_mani/install/bcr_mov' for CMake module files
[1.121s] DEBUG:colcon.colcon_core.event_handler.log_command:Invoked command in '/home/akshit/bcr_mani/build/bcr_mov' returned '0': CMAKE_PREFIX_PATH=${CMAKE_PREFIX_PATH}:/opt/ros/humble /usr/bin/cmake --install /home/akshit/bcr_mani/build/bcr_mov
[1.121s] Level 1:colcon.colcon_core.environment:checking '/home/akshit/bcr_mani/install/bcr_mov' for CMake config files
[1.121s] Level 1:colcon.colcon_core.shell:create_environment_hook('bcr_mov', 'cmake_prefix_path')
[1.121s] INFO:colcon.colcon_core.shell:Creating environment hook '/home/akshit/bcr_mani/install/bcr_mov/share/bcr_mov/hook/cmake_prefix_path.ps1'
[1.122s] INFO:colcon.colcon_core.shell:Creating environment descriptor '/home/akshit/bcr_mani/install/bcr_mov/share/bcr_mov/hook/cmake_prefix_path.dsv'
[1.122s] INFO:colcon.colcon_core.shell:Creating environment hook '/home/akshit/bcr_mani/install/bcr_mov/share/bcr_mov/hook/cmake_prefix_path.sh'
[1.122s] Level 1:colcon.colcon_core.environment:checking '/home/akshit/bcr_mani/install/bcr_mov/bin'
[1.122s] Level 1:colcon.colcon_core.environment:checking '/home/akshit/bcr_mani/install/bcr_mov/lib/pkgconfig/bcr_mov.pc'
[1.122s] Level 1:colcon.colcon_core.environment:checking '/home/akshit/bcr_mani/install/bcr_mov/lib/python3.10/site-packages'
[1.122s] Level 1:colcon.colcon_core.environment:checking '/home/akshit/bcr_mani/install/bcr_mov/bin'
[1.123s] INFO:colcon.colcon_core.shell:Creating package script '/home/akshit/bcr_mani/install/bcr_mov/share/bcr_mov/package.ps1'
[1.123s] INFO:colcon.colcon_core.shell:Creating package descriptor '/home/akshit/bcr_mani/install/bcr_mov/share/bcr_mov/package.dsv'
[1.123s] INFO:colcon.colcon_core.shell:Creating package script '/home/akshit/bcr_mani/install/bcr_mov/share/bcr_mov/package.sh'
[1.123s] INFO:colcon.colcon_core.shell:Creating package script '/home/akshit/bcr_mani/install/bcr_mov/share/bcr_mov/package.bash'
[1.123s] INFO:colcon.colcon_core.shell:Creating package script '/home/akshit/bcr_mani/install/bcr_mov/share/bcr_mov/package.zsh'
[1.124s] Level 1:colcon.colcon_core.environment:create_file_with_runtime_dependencies(/home/akshit/bcr_mani/install/bcr_mov/share/colcon-core/packages/bcr_mov)
[1.145s] Level 1:colcon.colcon_core.environment:create_environment_scripts_only(bcr_moveit_config)
[1.145s] Level 1:colcon.colcon_core.environment:checking '/home/akshit/bcr_mani/install/bcr_moveit_config' for CMake module files
[1.146s] Level 1:colcon.colcon_core.environment:checking '/home/akshit/bcr_mani/install/bcr_moveit_config' for CMake config files
[1.146s] Level 1:colcon.colcon_core.shell:create_environment_hook('bcr_moveit_config', 'cmake_prefix_path')
[1.146s] INFO:colcon.colcon_core.shell:Creating environment hook '/home/akshit/bcr_mani/install/bcr_moveit_config/share/bcr_moveit_config/hook/cmake_prefix_path.ps1'
[1.147s] INFO:colcon.colcon_core.shell:Creating environment descriptor '/home/akshit/bcr_mani/install/bcr_moveit_config/share/bcr_moveit_config/hook/cmake_prefix_path.dsv'
[1.147s] INFO:colcon.colcon_core.shell:Creating environment hook '/home/akshit/bcr_mani/install/bcr_moveit_config/share/bcr_moveit_config/hook/cmake_prefix_path.sh'
[1.148s] Level 1:colcon.colcon_core.environment:checking '/home/akshit/bcr_mani/install/bcr_moveit_config/bin'
[1.148s] Level 1:colcon.colcon_core.environment:checking '/home/akshit/bcr_mani/install/bcr_moveit_config/lib/pkgconfig/bcr_moveit_config.pc'
[1.148s] Level 1:colcon.colcon_core.environment:checking '/home/akshit/bcr_mani/install/bcr_moveit_config/lib/python3.10/site-packages'
[1.148s] Level 1:colcon.colcon_core.environment:checking '/home/akshit/bcr_mani/install/bcr_moveit_config/bin'
[1.149s] INFO:colcon.colcon_core.shell:Creating package script '/home/akshit/bcr_mani/install/bcr_moveit_config/share/bcr_moveit_config/package.ps1'
[1.149s] INFO:colcon.colcon_core.shell:Creating package descriptor '/home/akshit/bcr_mani/install/bcr_moveit_config/share/bcr_moveit_config/package.dsv'
[1.150s] INFO:colcon.colcon_core.shell:Creating package script '/home/akshit/bcr_mani/install/bcr_moveit_config/share/bcr_moveit_config/package.sh'
[1.150s] INFO:colcon.colcon_core.shell:Creating package script '/home/akshit/bcr_mani/install/bcr_moveit_config/share/bcr_moveit_config/package.bash'
[1.150s] INFO:colcon.colcon_core.shell:Creating package script '/home/akshit/bcr_mani/install/bcr_moveit_config/share/bcr_moveit_config/package.zsh'
[1.151s] Level 1:colcon.colcon_core.environment:create_file_with_runtime_dependencies(/home/akshit/bcr_mani/install/bcr_moveit_config/share/colcon-core/packages/bcr_moveit_config)
[1.156s] Level 1:colcon.colcon_core.environment:create_environment_scripts_only(bcr_mov)
[1.156s] Level 1:colcon.colcon_core.environment:checking '/home/akshit/bcr_mani/install/bcr_mov' for CMake module files
[1.156s] Level 1:colcon.colcon_core.environment:checking '/home/akshit/bcr_mani/install/bcr_mov' for CMake config files
[1.157s] Level 1:colcon.colcon_core.shell:create_environment_hook('bcr_mov', 'cmake_prefix_path')
[1.157s] INFO:colcon.colcon_core.shell:Creating environment hook '/home/akshit/bcr_mani/install/bcr_mov/share/bcr_mov/hook/cmake_prefix_path.ps1'
[1.157s] INFO:colcon.colcon_core.shell:Creating environment descriptor '/home/akshit/bcr_mani/install/bcr_mov/share/bcr_mov/hook/cmake_prefix_path.dsv'
[1.157s] INFO:colcon.colcon_core.shell:Creating environment hook '/home/akshit/bcr_mani/install/bcr_mov/share/bcr_mov/hook/cmake_prefix_path.sh'
[1.158s] Level 1:colcon.colcon_core.environment:checking '/home/akshit/bcr_mani/install/bcr_mov/bin'
[1.158s] Level 1:colcon.colcon_core.environment:checking '/home/akshit/bcr_mani/install/bcr_mov/lib/pkgconfig/bcr_mov.pc'
[1.158s] Level 1:colcon.colcon_core.environment:checking '/home/akshit/bcr_mani/install/bcr_mov/lib/python3.10/site-packages'
[1.158s] Level 1:colcon.colcon_core.environment:checking '/home/akshit/bcr_mani/install/bcr_mov/bin'
[1.158s] INFO:colcon.colcon_core.shell:Creating package script '/home/akshit/bcr_mani/install/bcr_mov/share/bcr_mov/package.ps1'
[1.158s] INFO:colcon.colcon_core.shell:Creating package descriptor '/home/akshit/bcr_mani/install/bcr_mov/share/bcr_mov/package.dsv'
[1.159s] INFO:colcon.colcon_core.shell:Creating package script '/home/akshit/bcr_mani/install/bcr_mov/share/bcr_mov/package.sh'
[1.159s] INFO:colcon.colcon_core.shell:Creating package script '/home/akshit/bcr_mani/install/bcr_mov/share/bcr_mov/package.bash'
[1.159s] INFO:colcon.colcon_core.shell:Creating package script '/home/akshit/bcr_mani/install/bcr_mov/share/bcr_mov/package.zsh'
[1.159s] Level 1:colcon.colcon_core.environment:create_file_with_runtime_dependencies(/home/akshit/bcr_mani/install/bcr_mov/share/colcon-core/packages/bcr_mov)
[1.160s] DEBUG:colcon.colcon_parallel_executor.executor.parallel:closing loop
[1.160s] DEBUG:colcon.colcon_parallel_executor.executor.parallel:loop closed
[1.160s] DEBUG:colcon.colcon_parallel_executor.executor.parallel:run_until_complete finished with '0'
[1.160s] DEBUG:colcon.colcon_core.event_reactor:joining thread
[1.166s] INFO:colcon.colcon_core.plugin_system:Skipping extension 'colcon_notification.desktop_notification.terminal_notifier': Not used on non-Darwin systems
[1.166s] INFO:colcon.colcon_core.plugin_system:Skipping extension 'colcon_notification.desktop_notification.win32': Not used on non-Windows systems
[1.166s] INFO:colcon.colcon_notification.desktop_notification:Sending desktop notification using 'notify2'
[1.180s] DEBUG:colcon.colcon_core.event_reactor:joined thread
[1.181s] INFO:colcon.colcon_core.shell:Creating prefix script '/home/akshit/bcr_mani/install/local_setup.ps1'
[1.182s] INFO:colcon.colcon_core.shell:Creating prefix util module '/home/akshit/bcr_mani/install/_local_setup_util_ps1.py'
[1.183s] INFO:colcon.colcon_core.shell:Creating prefix chain script '/home/akshit/bcr_mani/install/setup.ps1'
[1.184s] INFO:colcon.colcon_core.shell:Creating prefix script '/home/akshit/bcr_mani/install/local_setup.sh'
[1.185s] INFO:colcon.colcon_core.shell:Creating prefix util module '/home/akshit/bcr_mani/install/_local_setup_util_sh.py'
[1.185s] INFO:colcon.colcon_core.shell:Creating prefix chain script '/home/akshit/bcr_mani/install/setup.sh'
[1.186s] INFO:colcon.colcon_core.shell:Creating prefix script '/home/akshit/bcr_mani/install/local_setup.bash'
[1.186s] INFO:colcon.colcon_core.shell:Creating prefix chain script '/home/akshit/bcr_mani/install/setup.bash'
[1.187s] INFO:colcon.colcon_core.shell:Creating prefix script '/home/akshit/bcr_mani/install/local_setup.zsh'
[1.188s] INFO:colcon.colcon_core.shell:Creating prefix chain script '/home/akshit/bcr_mani/install/setup.zsh'
