[0.018s] Invoking command in '/home/akshit/bcr_mani/build/bcr_mov': CMAKE_PREFIX_PATH=${CMAKE_PREFIX_PATH}:/opt/ros/humble /usr/bin/cmake --build /home/akshit/bcr_mani/build/bcr_mov -- -j16 -l16
[0.063s] -- Found ament_cmake: 1.3.8 (/opt/ros/humble/share/ament_cmake/cmake)
[0.199s] -- Found ament_lint_auto: 0.12.10 (/opt/ros/humble/share/ament_lint_auto/cmake)
[0.265s] -- Added test 'flake8' to check Python code syntax and style conventions
[0.265s] -- Added test 'lint_cmake' to check CMake code style
[0.266s] -- Added test 'pep257' to check Python code against some of the docstring style conventions in PEP 257
[0.267s] -- Added test 'xmllint' to check XML markup files
[0.269s] -- Configuring done
[0.273s] -- Generating done
[0.274s] -- Build files have been written to: /home/akshit/bcr_mani/build/bcr_mov
[0.304s] Invoked command in '/home/akshit/bcr_mani/build/bcr_mov' returned '0': CMAKE_PREFIX_PATH=${CMAKE_PREFIX_PATH}:/opt/ros/humble /usr/bin/cmake --build /home/akshit/bcr_mani/build/bcr_mov -- -j16 -l16
[0.340s] Invoking command in '/home/akshit/bcr_mani/build/bcr_mov': CMAKE_PREFIX_PATH=${CMAKE_PREFIX_PATH}:/opt/ros/humble /usr/bin/cmake --install /home/akshit/bcr_mani/build/bcr_mov
[0.350s] -- Install configuration: ""
[0.350s] -- Up-to-date: /home/akshit/bcr_mani/install/bcr_mov/share/bcr_mov//urdf
[0.350s] -- Up-to-date: /home/akshit/bcr_mani/install/bcr_mov/share/bcr_mov//urdf/arm.urdf
[0.350s] -- Up-to-date: /home/akshit/bcr_mani/install/bcr_mov/share/bcr_mov//urdf/arm.urdf.xacro
[0.351s] -- Installing: /home/akshit/bcr_mani/install/bcr_mov/share/bcr_mov//launch
[0.351s] -- Installing: /home/akshit/bcr_mani/install/bcr_mov/share/bcr_mov//launch/gazebo.launch.py
[0.351s] -- Up-to-date: /home/akshit/bcr_mani/install/bcr_mov/share/ament_index/resource_index/package_run_dependencies/bcr_mov
[0.351s] -- Installing: /home/akshit/bcr_mani/install/bcr_mov/share/ament_index/resource_index/parent_prefix_path/bcr_mov
[0.352s] -- Up-to-date: /home/akshit/bcr_mani/install/bcr_mov/share/bcr_mov/environment/ament_prefix_path.sh
[0.352s] -- Installing: /home/akshit/bcr_mani/install/bcr_mov/share/bcr_mov/environment/ament_prefix_path.dsv
[0.352s] -- Up-to-date: /home/akshit/bcr_mani/install/bcr_mov/share/bcr_mov/environment/path.sh
[0.352s] -- Installing: /home/akshit/bcr_mani/install/bcr_mov/share/bcr_mov/environment/path.dsv
[0.352s] -- Up-to-date: /home/akshit/bcr_mani/install/bcr_mov/share/bcr_mov/local_setup.bash
[0.352s] -- Up-to-date: /home/akshit/bcr_mani/install/bcr_mov/share/bcr_mov/local_setup.sh
[0.352s] -- Up-to-date: /home/akshit/bcr_mani/install/bcr_mov/share/bcr_mov/local_setup.zsh
[0.352s] -- Installing: /home/akshit/bcr_mani/install/bcr_mov/share/bcr_mov/local_setup.dsv
[0.352s] -- Installing: /home/akshit/bcr_mani/install/bcr_mov/share/bcr_mov/package.dsv
[0.352s] -- Up-to-date: /home/akshit/bcr_mani/install/bcr_mov/share/ament_index/resource_index/packages/bcr_mov
[0.353s] -- Up-to-date: /home/akshit/bcr_mani/install/bcr_mov/share/bcr_mov/cmake/bcr_movConfig.cmake
[0.353s] -- Up-to-date: /home/akshit/bcr_mani/install/bcr_mov/share/bcr_mov/cmake/bcr_movConfig-version.cmake
[0.353s] -- Installing: /home/akshit/bcr_mani/install/bcr_mov/share/bcr_mov/package.xml
[0.356s] Invoked command in '/home/akshit/bcr_mani/build/bcr_mov' returned '0': CMAKE_PREFIX_PATH=${CMAKE_PREFIX_PATH}:/opt/ros/humble /usr/bin/cmake --install /home/akshit/bcr_mani/build/bcr_mov
