[0.014s] Invoking command in '/home/akshit/bcr_mani/build/bcr_mov': CMAKE_PREFIX_PATH=${CMAKE_PREFIX_PATH}:/opt/ros/humble /usr/bin/cmake /home/akshit/bcr_mani/src/bcr_mov -DCMAKE_INSTALL_PREFIX=/home/akshit/bcr_mani/install/bcr_mov
[0.131s] -- The C compiler identification is GNU 11.4.0
[0.210s] -- The CXX compiler identification is GNU 11.4.0
[0.221s] -- Detecting C compiler ABI info
[0.299s] -- Detecting C compiler ABI info - done
[0.307s] -- Check for working C compiler: /usr/bin/cc - skipped
[0.308s] -- Detecting C compile features
[0.308s] -- Detecting C compile features - done
[0.313s] -- Detecting CXX compiler ABI info
[0.396s] -- Detecting CXX compiler ABI info - done
[0.401s] -- Check for working CXX compiler: /usr/bin/c++ - skipped
[0.401s] -- Detecting CXX compile features
[0.401s] -- Detecting CXX compile features - done
[0.407s] -- Found ament_cmake: 1.3.8 (/opt/ros/humble/share/ament_cmake/cmake)
[0.541s] -- Found Python3: /usr/bin/python3 (found version "3.10.12") found components: Interpreter 
[0.636s] -- Found ament_lint_auto: 0.12.10 (/opt/ros/humble/share/ament_lint_auto/cmake)
[0.709s] -- Added test 'lint_cmake' to check CMake code style
[0.710s] -- Added test 'xmllint' to check XML markup files
[0.711s] -- Configuring done
[0.714s] -- Generating done
[0.715s] -- Build files have been written to: /home/akshit/bcr_mani/build/bcr_mov
[0.720s] Invoked command in '/home/akshit/bcr_mani/build/bcr_mov' returned '0': CMAKE_PREFIX_PATH=${CMAKE_PREFIX_PATH}:/opt/ros/humble /usr/bin/cmake /home/akshit/bcr_mani/src/bcr_mov -DCMAKE_INSTALL_PREFIX=/home/akshit/bcr_mani/install/bcr_mov
[0.721s] Invoking command in '/home/akshit/bcr_mani/build/bcr_mov': CMAKE_PREFIX_PATH=${CMAKE_PREFIX_PATH}:/opt/ros/humble /usr/bin/cmake --build /home/akshit/bcr_mani/build/bcr_mov -- -j16 -l16
[0.765s] Invoked command in '/home/akshit/bcr_mani/build/bcr_mov' returned '0': CMAKE_PREFIX_PATH=${CMAKE_PREFIX_PATH}:/opt/ros/humble /usr/bin/cmake --build /home/akshit/bcr_mani/build/bcr_mov -- -j16 -l16
[0.795s] Invoking command in '/home/akshit/bcr_mani/build/bcr_mov': CMAKE_PREFIX_PATH=${CMAKE_PREFIX_PATH}:/opt/ros/humble /usr/bin/cmake --install /home/akshit/bcr_mani/build/bcr_mov
[0.803s] -- Install configuration: ""
[0.803s] -- Installing: /home/akshit/bcr_mani/install/bcr_mov/share/bcr_mov//urdf
[0.803s] -- Installing: /home/akshit/bcr_mani/install/bcr_mov/share/bcr_mov//urdf/arm.urdf
[0.803s] -- Installing: /home/akshit/bcr_mani/install/bcr_mov/share/bcr_mov//urdf/arm.urdf.xacro
[0.803s] -- Installing: /home/akshit/bcr_mani/install/bcr_mov/share/ament_index/resource_index/package_run_dependencies/bcr_mov
[0.804s] -- Installing: /home/akshit/bcr_mani/install/bcr_mov/share/ament_index/resource_index/parent_prefix_path/bcr_mov
[0.804s] -- Installing: /home/akshit/bcr_mani/install/bcr_mov/share/bcr_mov/environment/ament_prefix_path.sh
[0.804s] -- Installing: /home/akshit/bcr_mani/install/bcr_mov/share/bcr_mov/environment/ament_prefix_path.dsv
[0.804s] -- Installing: /home/akshit/bcr_mani/install/bcr_mov/share/bcr_mov/environment/path.sh
[0.804s] -- Installing: /home/akshit/bcr_mani/install/bcr_mov/share/bcr_mov/environment/path.dsv
[0.804s] -- Installing: /home/akshit/bcr_mani/install/bcr_mov/share/bcr_mov/local_setup.bash
[0.804s] -- Installing: /home/akshit/bcr_mani/install/bcr_mov/share/bcr_mov/local_setup.sh
[0.804s] -- Installing: /home/akshit/bcr_mani/install/bcr_mov/share/bcr_mov/local_setup.zsh
[0.805s] -- Installing: /home/akshit/bcr_mani/install/bcr_mov/share/bcr_mov/local_setup.dsv
[0.805s] -- Installing: /home/akshit/bcr_mani/install/bcr_mov/share/bcr_mov/package.dsv
[0.805s] -- Installing: /home/akshit/bcr_mani/install/bcr_mov/share/ament_index/resource_index/packages/bcr_mov
[0.805s] -- Installing: /home/akshit/bcr_mani/install/bcr_mov/share/bcr_mov/cmake/bcr_movConfig.cmake
[0.805s] -- Installing: /home/akshit/bcr_mani/install/bcr_mov/share/bcr_mov/cmake/bcr_movConfig-version.cmake
[0.805s] -- Installing: /home/akshit/bcr_mani/install/bcr_mov/share/bcr_mov/package.xml
[0.814s] Invoked command in '/home/akshit/bcr_mani/build/bcr_mov' returned '0': CMAKE_PREFIX_PATH=${CMAKE_PREFIX_PATH}:/opt/ros/humble /usr/bin/cmake --install /home/akshit/bcr_mani/build/bcr_mov
