[0.102s] DEBUG:colcon:Command line arguments: ['/usr/bin/colcon', 'build']
[0.102s] DEBUG:colcon:Parsed command line arguments: Namespace(log_base=None, log_level=None, verb_name='build', build_base='build', install_base='install', merge_install=False, symlink_install=False, test_result_base=None, continue_on_error=False, executor='parallel', parallel_workers=16, event_handlers=None, ignore_user_meta=False, metas=['./colcon.meta'], base_paths=['.'], packages_ignore=None, packages_ignore_regex=None, paths=None, packages_up_to=None, packages_up_to_regex=None, packages_above=None, packages_above_and_dependencies=None, packages_above_depth=None, packages_select_by_dep=None, packages_skip_by_dep=None, packages_skip_up_to=None, packages_select_build_failed=False, packages_skip_build_finished=False, packages_select_test_failures=False, packages_skip_test_passed=False, packages_select=None, packages_skip=None, packages_select_regex=None, packages_skip_regex=None, packages_start=None, packages_end=None, allow_overriding=[], cmake_args=None, cmake_target=None, cmake_target_skip_unavailable=False, cmake_clean_cache=False, cmake_clean_first=False, cmake_force_configure=False, ament_cmake_args=None, catkin_cmake_args=None, catkin_skip_building_tests=False, mixin_files=None, mixin=None, verb_parser=<colcon_mixin.mixin.mixin_argument.MixinArgumentDecorator object at 0x78f7502436d0>, verb_extension=<colcon_core.verb.build.BuildVerb object at 0x78f7503f8dc0>, main=<bound method BuildVerb.main of <colcon_core.verb.build.BuildVerb object at 0x78f7503f8dc0>>, mixin_verb=('build',))
[0.249s] Level 1:colcon.colcon_core.package_discovery:discover_packages(colcon_meta) check parameters
[0.249s] Level 1:colcon.colcon_core.package_discovery:discover_packages(recursive) check parameters
[0.249s] Level 1:colcon.colcon_core.package_discovery:discover_packages(ignore) check parameters
[0.249s] Level 1:colcon.colcon_core.package_discovery:discover_packages(path) check parameters
[0.249s] Level 1:colcon.colcon_core.package_discovery:discover_packages(colcon_meta) discover
[0.249s] Level 1:colcon.colcon_core.package_discovery:discover_packages(recursive) discover
[0.249s] INFO:colcon.colcon_core.package_discovery:Crawling recursively for packages in '/home/akshit/bcr_mani'
[0.249s] Level 1:colcon.colcon_core.package_identification:_identify(.) by extensions ['ignore', 'ignore_ament_install']
[0.249s] Level 1:colcon.colcon_core.package_identification:_identify(.) by extension 'ignore'
[0.249s] Level 1:colcon.colcon_core.package_identification:_identify(.) by extension 'ignore_ament_install'
[0.249s] Level 1:colcon.colcon_core.package_identification:_identify(.) by extensions ['colcon_pkg']
[0.249s] Level 1:colcon.colcon_core.package_identification:_identify(.) by extension 'colcon_pkg'
[0.249s] Level 1:colcon.colcon_core.package_identification:_identify(.) by extensions ['colcon_meta']
[0.249s] Level 1:colcon.colcon_core.package_identification:_identify(.) by extension 'colcon_meta'
[0.249s] Level 1:colcon.colcon_core.package_identification:_identify(.) by extensions ['ros']
[0.249s] Level 1:colcon.colcon_core.package_identification:_identify(.) by extension 'ros'
[0.260s] Level 1:colcon.colcon_core.package_identification:_identify(.) by extensions ['cmake', 'python']
[0.260s] Level 1:colcon.colcon_core.package_identification:_identify(.) by extension 'cmake'
[0.260s] Level 1:colcon.colcon_core.package_identification:_identify(.) by extension 'python'
[0.260s] Level 1:colcon.colcon_core.package_identification:_identify(.) by extensions ['python_setup_py']
[0.260s] Level 1:colcon.colcon_core.package_identification:_identify(.) by extension 'python_setup_py'
[0.260s] Level 1:colcon.colcon_core.package_identification:_identify(build) by extensions ['ignore', 'ignore_ament_install']
[0.260s] Level 1:colcon.colcon_core.package_identification:_identify(build) by extension 'ignore'
[0.260s] Level 1:colcon.colcon_core.package_identification:_identify(build) ignored
[0.260s] Level 1:colcon.colcon_core.package_identification:_identify(install) by extensions ['ignore', 'ignore_ament_install']
[0.260s] Level 1:colcon.colcon_core.package_identification:_identify(install) by extension 'ignore'
[0.260s] Level 1:colcon.colcon_core.package_identification:_identify(install) ignored
[0.261s] Level 1:colcon.colcon_core.package_identification:_identify(log) by extensions ['ignore', 'ignore_ament_install']
[0.261s] Level 1:colcon.colcon_core.package_identification:_identify(log) by extension 'ignore'
[0.261s] Level 1:colcon.colcon_core.package_identification:_identify(log) ignored
[0.261s] Level 1:colcon.colcon_core.package_identification:_identify(src) by extensions ['ignore', 'ignore_ament_install']
[0.261s] Level 1:colcon.colcon_core.package_identification:_identify(src) by extension 'ignore'
[0.261s] Level 1:colcon.colcon_core.package_identification:_identify(src) by extension 'ignore_ament_install'
[0.261s] Level 1:colcon.colcon_core.package_identification:_identify(src) by extensions ['colcon_pkg']
[0.261s] Level 1:colcon.colcon_core.package_identification:_identify(src) by extension 'colcon_pkg'
[0.261s] Level 1:colcon.colcon_core.package_identification:_identify(src) by extensions ['colcon_meta']
[0.261s] Level 1:colcon.colcon_core.package_identification:_identify(src) by extension 'colcon_meta'
[0.261s] Level 1:colcon.colcon_core.package_identification:_identify(src) by extensions ['ros']
[0.261s] Level 1:colcon.colcon_core.package_identification:_identify(src) by extension 'ros'
[0.261s] Level 1:colcon.colcon_core.package_identification:_identify(src) by extensions ['cmake', 'python']
[0.261s] Level 1:colcon.colcon_core.package_identification:_identify(src) by extension 'cmake'
[0.261s] Level 1:colcon.colcon_core.package_identification:_identify(src) by extension 'python'
[0.261s] Level 1:colcon.colcon_core.package_identification:_identify(src) by extensions ['python_setup_py']
[0.261s] Level 1:colcon.colcon_core.package_identification:_identify(src) by extension 'python_setup_py'
[0.261s] Level 1:colcon.colcon_core.package_identification:_identify(src/bcr_mov) by extensions ['ignore', 'ignore_ament_install']
[0.261s] Level 1:colcon.colcon_core.package_identification:_identify(src/bcr_mov) by extension 'ignore'
[0.261s] Level 1:colcon.colcon_core.package_identification:_identify(src/bcr_mov) by extension 'ignore_ament_install'
[0.261s] Level 1:colcon.colcon_core.package_identification:_identify(src/bcr_mov) by extensions ['colcon_pkg']
[0.261s] Level 1:colcon.colcon_core.package_identification:_identify(src/bcr_mov) by extension 'colcon_pkg'
[0.261s] Level 1:colcon.colcon_core.package_identification:_identify(src/bcr_mov) by extensions ['colcon_meta']
[0.261s] Level 1:colcon.colcon_core.package_identification:_identify(src/bcr_mov) by extension 'colcon_meta'
[0.261s] Level 1:colcon.colcon_core.package_identification:_identify(src/bcr_mov) by extensions ['ros']
[0.261s] Level 1:colcon.colcon_core.package_identification:_identify(src/bcr_mov) by extension 'ros'
[0.278s] DEBUG:colcon.colcon_core.package_identification:Package 'src/bcr_mov' with type 'ros.ament_cmake' and name 'bcr_mov'
[0.279s] Level 1:colcon.colcon_core.package_identification:_identify(src/bcr_moveit_config) by extensions ['ignore', 'ignore_ament_install']
[0.279s] Level 1:colcon.colcon_core.package_identification:_identify(src/bcr_moveit_config) by extension 'ignore'
[0.279s] Level 1:colcon.colcon_core.package_identification:_identify(src/bcr_moveit_config) by extension 'ignore_ament_install'
[0.279s] Level 1:colcon.colcon_core.package_identification:_identify(src/bcr_moveit_config) by extensions ['colcon_pkg']
[0.279s] Level 1:colcon.colcon_core.package_identification:_identify(src/bcr_moveit_config) by extension 'colcon_pkg'
[0.279s] Level 1:colcon.colcon_core.package_identification:_identify(src/bcr_moveit_config) by extensions ['colcon_meta']
[0.279s] Level 1:colcon.colcon_core.package_identification:_identify(src/bcr_moveit_config) by extension 'colcon_meta'
[0.279s] Level 1:colcon.colcon_core.package_identification:_identify(src/bcr_moveit_config) by extensions ['ros']
[0.279s] Level 1:colcon.colcon_core.package_identification:_identify(src/bcr_moveit_config) by extension 'ros'
[0.280s] DEBUG:colcon.colcon_core.package_identification:Package 'src/bcr_moveit_config' with type 'ros.ament_cmake' and name 'bcr_moveit_config'
[0.280s] Level 1:colcon.colcon_core.package_discovery:discover_packages(recursive) using defaults
[0.280s] Level 1:colcon.colcon_core.package_discovery:discover_packages(ignore) discover
[0.280s] Level 1:colcon.colcon_core.package_discovery:discover_packages(ignore) using defaults
[0.280s] Level 1:colcon.colcon_core.package_discovery:discover_packages(path) discover
[0.280s] Level 1:colcon.colcon_core.package_discovery:discover_packages(path) using defaults
[0.296s] Level 1:colcon.colcon_core.package_discovery:discover_packages(prefix_path) check parameters
[0.296s] Level 1:colcon.colcon_core.package_discovery:discover_packages(prefix_path) discover
[0.298s] DEBUG:colcon.colcon_installed_package_information.package_discovery:Found 2 installed packages in /home/akshit/bcr_mani/install
[0.298s] DEBUG:colcon.colcon_installed_package_information.package_discovery:Found 1 installed packages in /home/akshit/bcr_ws/install
[0.298s] DEBUG:colcon.colcon_installed_package_information.package_discovery:Found 1 installed packages in /home/akshit/pymoveit/install
[0.300s] DEBUG:colcon.colcon_installed_package_information.package_discovery:Found 462 installed packages in /opt/ros/humble
[0.302s] Level 1:colcon.colcon_core.package_discovery:discover_packages(prefix_path) using defaults
[0.345s] Level 5:colcon.colcon_core.verb:set package 'bcr_mov' build argument 'cmake_args' from command line to 'None'
[0.345s] Level 5:colcon.colcon_core.verb:set package 'bcr_mov' build argument 'cmake_target' from command line to 'None'
[0.345s] Level 5:colcon.colcon_core.verb:set package 'bcr_mov' build argument 'cmake_target_skip_unavailable' from command line to 'False'
[0.345s] Level 5:colcon.colcon_core.verb:set package 'bcr_mov' build argument 'cmake_clean_cache' from command line to 'False'
[0.345s] Level 5:colcon.colcon_core.verb:set package 'bcr_mov' build argument 'cmake_clean_first' from command line to 'False'
[0.345s] Level 5:colcon.colcon_core.verb:set package 'bcr_mov' build argument 'cmake_force_configure' from command line to 'False'
[0.345s] Level 5:colcon.colcon_core.verb:set package 'bcr_mov' build argument 'ament_cmake_args' from command line to 'None'
[0.345s] Level 5:colcon.colcon_core.verb:set package 'bcr_mov' build argument 'catkin_cmake_args' from command line to 'None'
[0.345s] Level 5:colcon.colcon_core.verb:set package 'bcr_mov' build argument 'catkin_skip_building_tests' from command line to 'False'
[0.345s] DEBUG:colcon.colcon_core.verb:Building package 'bcr_mov' with the following arguments: {'ament_cmake_args': None, 'build_base': '/home/akshit/bcr_mani/build/bcr_mov', 'catkin_cmake_args': None, 'catkin_skip_building_tests': False, 'cmake_args': None, 'cmake_clean_cache': False, 'cmake_clean_first': False, 'cmake_force_configure': False, 'cmake_target': None, 'cmake_target_skip_unavailable': False, 'install_base': '/home/akshit/bcr_mani/install/bcr_mov', 'merge_install': False, 'path': '/home/akshit/bcr_mani/src/bcr_mov', 'symlink_install': False, 'test_result_base': None}
[0.345s] Level 5:colcon.colcon_core.verb:set package 'bcr_moveit_config' build argument 'cmake_args' from command line to 'None'
[0.345s] Level 5:colcon.colcon_core.verb:set package 'bcr_moveit_config' build argument 'cmake_target' from command line to 'None'
[0.345s] Level 5:colcon.colcon_core.verb:set package 'bcr_moveit_config' build argument 'cmake_target_skip_unavailable' from command line to 'False'
[0.345s] Level 5:colcon.colcon_core.verb:set package 'bcr_moveit_config' build argument 'cmake_clean_cache' from command line to 'False'
[0.345s] Level 5:colcon.colcon_core.verb:set package 'bcr_moveit_config' build argument 'cmake_clean_first' from command line to 'False'
[0.345s] Level 5:colcon.colcon_core.verb:set package 'bcr_moveit_config' build argument 'cmake_force_configure' from command line to 'False'
[0.345s] Level 5:colcon.colcon_core.verb:set package 'bcr_moveit_config' build argument 'ament_cmake_args' from command line to 'None'
[0.345s] Level 5:colcon.colcon_core.verb:set package 'bcr_moveit_config' build argument 'catkin_cmake_args' from command line to 'None'
[0.345s] Level 5:colcon.colcon_core.verb:set package 'bcr_moveit_config' build argument 'catkin_skip_building_tests' from command line to 'False'
[0.345s] DEBUG:colcon.colcon_core.verb:Building package 'bcr_moveit_config' with the following arguments: {'ament_cmake_args': None, 'build_base': '/home/akshit/bcr_mani/build/bcr_moveit_config', 'catkin_cmake_args': None, 'catkin_skip_building_tests': False, 'cmake_args': None, 'cmake_clean_cache': False, 'cmake_clean_first': False, 'cmake_force_configure': False, 'cmake_target': None, 'cmake_target_skip_unavailable': False, 'install_base': '/home/akshit/bcr_mani/install/bcr_moveit_config', 'merge_install': False, 'path': '/home/akshit/bcr_mani/src/bcr_moveit_config', 'symlink_install': False, 'test_result_base': None}
[0.346s] INFO:colcon.colcon_core.executor:Executing jobs using 'parallel' executor
[0.346s] DEBUG:colcon.colcon_parallel_executor.executor.parallel:run_until_complete
[0.346s] INFO:colcon.colcon_ros.task.ament_cmake.build:Building ROS package in '/home/akshit/bcr_mani/src/bcr_mov' with build type 'ament_cmake'
[0.347s] INFO:colcon.colcon_cmake.task.cmake.build:Building CMake package in '/home/akshit/bcr_mani/src/bcr_mov'
[0.349s] INFO:colcon.colcon_core.plugin_system:Skipping extension 'colcon_core.shell.bat': Not used on non-Windows systems
[0.349s] INFO:colcon.colcon_core.shell:Skip shell extension 'powershell' for command environment: Not usable outside of PowerShell
[0.349s] DEBUG:colcon.colcon_core.shell:Skip shell extension 'dsv' for command environment
[0.353s] INFO:colcon.colcon_ros.task.ament_cmake.build:Building ROS package in '/home/akshit/bcr_mani/src/bcr_moveit_config' with build type 'ament_cmake'
[0.353s] INFO:colcon.colcon_cmake.task.cmake.build:Building CMake package in '/home/akshit/bcr_mani/src/bcr_moveit_config'
[0.354s] INFO:colcon.colcon_core.shell:Skip shell extension 'powershell' for command environment: Not usable outside of PowerShell
[0.354s] DEBUG:colcon.colcon_core.shell:Skip shell extension 'dsv' for command environment
[0.362s] DEBUG:colcon.colcon_core.event_handler.log_command:Invoking command in '/home/akshit/bcr_mani/build/bcr_mov': CMAKE_PREFIX_PATH=${CMAKE_PREFIX_PATH}:/opt/ros/humble /usr/bin/cmake --build /home/akshit/bcr_mani/build/bcr_mov -- -j16 -l16
[0.365s] DEBUG:colcon.colcon_core.event_handler.log_command:Invoking command in '/home/akshit/bcr_mani/build/bcr_moveit_config': CMAKE_PREFIX_PATH=${CMAKE_PREFIX_PATH}:/opt/ros/humble /usr/bin/cmake --build /home/akshit/bcr_mani/build/bcr_moveit_config -- -j16 -l16
[0.409s] DEBUG:colcon.colcon_core.event_handler.log_command:Invoked command in '/home/akshit/bcr_mani/build/bcr_mov' returned '0': CMAKE_PREFIX_PATH=${CMAKE_PREFIX_PATH}:/opt/ros/humble /usr/bin/cmake --build /home/akshit/bcr_mani/build/bcr_mov -- -j16 -l16
[0.412s] DEBUG:colcon.colcon_core.event_handler.log_command:Invoked command in '/home/akshit/bcr_mani/build/bcr_moveit_config' returned '0': CMAKE_PREFIX_PATH=${CMAKE_PREFIX_PATH}:/opt/ros/humble /usr/bin/cmake --build /home/akshit/bcr_mani/build/bcr_moveit_config -- -j16 -l16
[0.450s] DEBUG:colcon.colcon_core.event_handler.log_command:Invoking command in '/home/akshit/bcr_mani/build/bcr_mov': CMAKE_PREFIX_PATH=${CMAKE_PREFIX_PATH}:/opt/ros/humble /usr/bin/cmake --install /home/akshit/bcr_mani/build/bcr_mov
[0.452s] DEBUG:colcon.colcon_core.event_handler.log_command:Invoking command in '/home/akshit/bcr_mani/build/bcr_moveit_config': CMAKE_PREFIX_PATH=${CMAKE_PREFIX_PATH}:/opt/ros/humble /usr/bin/cmake --install /home/akshit/bcr_mani/build/bcr_moveit_config
[0.463s] Level 1:colcon.colcon_core.environment:create_environment_scripts_only(bcr_mov)
[0.466s] DEBUG:colcon.colcon_core.event_handler.log_command:Invoked command in '/home/akshit/bcr_mani/build/bcr_mov' returned '0': CMAKE_PREFIX_PATH=${CMAKE_PREFIX_PATH}:/opt/ros/humble /usr/bin/cmake --install /home/akshit/bcr_mani/build/bcr_mov
[0.467s] Level 1:colcon.colcon_core.environment:checking '/home/akshit/bcr_mani/install/bcr_mov' for CMake module files
[0.467s] Level 1:colcon.colcon_core.environment:checking '/home/akshit/bcr_mani/install/bcr_mov' for CMake config files
[0.468s] Level 1:colcon.colcon_core.shell:create_environment_hook('bcr_mov', 'cmake_prefix_path')
[0.468s] INFO:colcon.colcon_core.shell:Creating environment hook '/home/akshit/bcr_mani/install/bcr_mov/share/bcr_mov/hook/cmake_prefix_path.ps1'
[0.468s] INFO:colcon.colcon_core.shell:Creating environment descriptor '/home/akshit/bcr_mani/install/bcr_mov/share/bcr_mov/hook/cmake_prefix_path.dsv'
[0.469s] INFO:colcon.colcon_core.shell:Creating environment hook '/home/akshit/bcr_mani/install/bcr_mov/share/bcr_mov/hook/cmake_prefix_path.sh'
[0.470s] Level 1:colcon.colcon_core.environment:checking '/home/akshit/bcr_mani/install/bcr_mov/bin'
[0.470s] Level 1:colcon.colcon_core.environment:checking '/home/akshit/bcr_mani/install/bcr_mov/lib/pkgconfig/bcr_mov.pc'
[0.470s] Level 1:colcon.colcon_core.environment:checking '/home/akshit/bcr_mani/install/bcr_mov/lib/python3.10/site-packages'
[0.470s] Level 1:colcon.colcon_core.environment:checking '/home/akshit/bcr_mani/install/bcr_mov/bin'
[0.470s] INFO:colcon.colcon_core.shell:Creating package script '/home/akshit/bcr_mani/install/bcr_mov/share/bcr_mov/package.ps1'
[0.471s] INFO:colcon.colcon_core.shell:Creating package descriptor '/home/akshit/bcr_mani/install/bcr_mov/share/bcr_mov/package.dsv'
[0.471s] INFO:colcon.colcon_core.shell:Creating package script '/home/akshit/bcr_mani/install/bcr_mov/share/bcr_mov/package.sh'
[0.472s] INFO:colcon.colcon_core.shell:Creating package script '/home/akshit/bcr_mani/install/bcr_mov/share/bcr_mov/package.bash'
[0.472s] INFO:colcon.colcon_core.shell:Creating package script '/home/akshit/bcr_mani/install/bcr_mov/share/bcr_mov/package.zsh'
[0.473s] Level 1:colcon.colcon_core.environment:create_file_with_runtime_dependencies(/home/akshit/bcr_mani/install/bcr_mov/share/colcon-core/packages/bcr_mov)
[0.474s] Level 1:colcon.colcon_core.environment:create_environment_scripts_only(bcr_moveit_config)
[0.475s] Level 1:colcon.colcon_core.environment:checking '/home/akshit/bcr_mani/install/bcr_moveit_config' for CMake module files
[0.475s] DEBUG:colcon.colcon_core.event_handler.log_command:Invoked command in '/home/akshit/bcr_mani/build/bcr_moveit_config' returned '0': CMAKE_PREFIX_PATH=${CMAKE_PREFIX_PATH}:/opt/ros/humble /usr/bin/cmake --install /home/akshit/bcr_mani/build/bcr_moveit_config
[0.476s] Level 1:colcon.colcon_core.environment:checking '/home/akshit/bcr_mani/install/bcr_moveit_config' for CMake config files
[0.476s] Level 1:colcon.colcon_core.shell:create_environment_hook('bcr_moveit_config', 'cmake_prefix_path')
[0.476s] INFO:colcon.colcon_core.shell:Creating environment hook '/home/akshit/bcr_mani/install/bcr_moveit_config/share/bcr_moveit_config/hook/cmake_prefix_path.ps1'
[0.477s] INFO:colcon.colcon_core.shell:Creating environment descriptor '/home/akshit/bcr_mani/install/bcr_moveit_config/share/bcr_moveit_config/hook/cmake_prefix_path.dsv'
[0.477s] INFO:colcon.colcon_core.shell:Creating environment hook '/home/akshit/bcr_mani/install/bcr_moveit_config/share/bcr_moveit_config/hook/cmake_prefix_path.sh'
[0.477s] Level 1:colcon.colcon_core.environment:checking '/home/akshit/bcr_mani/install/bcr_moveit_config/bin'
[0.477s] Level 1:colcon.colcon_core.environment:checking '/home/akshit/bcr_mani/install/bcr_moveit_config/lib/pkgconfig/bcr_moveit_config.pc'
[0.478s] Level 1:colcon.colcon_core.environment:checking '/home/akshit/bcr_mani/install/bcr_moveit_config/lib/python3.10/site-packages'
[0.478s] Level 1:colcon.colcon_core.environment:checking '/home/akshit/bcr_mani/install/bcr_moveit_config/bin'
[0.478s] INFO:colcon.colcon_core.shell:Creating package script '/home/akshit/bcr_mani/install/bcr_moveit_config/share/bcr_moveit_config/package.ps1'
[0.478s] INFO:colcon.colcon_core.shell:Creating package descriptor '/home/akshit/bcr_mani/install/bcr_moveit_config/share/bcr_moveit_config/package.dsv'
[0.479s] INFO:colcon.colcon_core.shell:Creating package script '/home/akshit/bcr_mani/install/bcr_moveit_config/share/bcr_moveit_config/package.sh'
[0.479s] INFO:colcon.colcon_core.shell:Creating package script '/home/akshit/bcr_mani/install/bcr_moveit_config/share/bcr_moveit_config/package.bash'
[0.479s] INFO:colcon.colcon_core.shell:Creating package script '/home/akshit/bcr_mani/install/bcr_moveit_config/share/bcr_moveit_config/package.zsh'
[0.480s] Level 1:colcon.colcon_core.environment:create_file_with_runtime_dependencies(/home/akshit/bcr_mani/install/bcr_moveit_config/share/colcon-core/packages/bcr_moveit_config)
[0.504s] Level 1:colcon.colcon_core.environment:create_environment_scripts_only(bcr_mov)
[0.505s] Level 1:colcon.colcon_core.environment:checking '/home/akshit/bcr_mani/install/bcr_mov' for CMake module files
[0.505s] Level 1:colcon.colcon_core.environment:checking '/home/akshit/bcr_mani/install/bcr_mov' for CMake config files
[0.506s] Level 1:colcon.colcon_core.shell:create_environment_hook('bcr_mov', 'cmake_prefix_path')
[0.506s] INFO:colcon.colcon_core.shell:Creating environment hook '/home/akshit/bcr_mani/install/bcr_mov/share/bcr_mov/hook/cmake_prefix_path.ps1'
[0.506s] INFO:colcon.colcon_core.shell:Creating environment descriptor '/home/akshit/bcr_mani/install/bcr_mov/share/bcr_mov/hook/cmake_prefix_path.dsv'
[0.507s] INFO:colcon.colcon_core.shell:Creating environment hook '/home/akshit/bcr_mani/install/bcr_mov/share/bcr_mov/hook/cmake_prefix_path.sh'
[0.507s] Level 1:colcon.colcon_core.environment:checking '/home/akshit/bcr_mani/install/bcr_mov/bin'
[0.507s] Level 1:colcon.colcon_core.environment:checking '/home/akshit/bcr_mani/install/bcr_mov/lib/pkgconfig/bcr_mov.pc'
[0.508s] Level 1:colcon.colcon_core.environment:checking '/home/akshit/bcr_mani/install/bcr_mov/lib/python3.10/site-packages'
[0.508s] Level 1:colcon.colcon_core.environment:checking '/home/akshit/bcr_mani/install/bcr_mov/bin'
[0.508s] INFO:colcon.colcon_core.shell:Creating package script '/home/akshit/bcr_mani/install/bcr_mov/share/bcr_mov/package.ps1'
[0.508s] INFO:colcon.colcon_core.shell:Creating package descriptor '/home/akshit/bcr_mani/install/bcr_mov/share/bcr_mov/package.dsv'
[0.509s] INFO:colcon.colcon_core.shell:Creating package script '/home/akshit/bcr_mani/install/bcr_mov/share/bcr_mov/package.sh'
[0.509s] INFO:colcon.colcon_core.shell:Creating package script '/home/akshit/bcr_mani/install/bcr_mov/share/bcr_mov/package.bash'
[0.509s] INFO:colcon.colcon_core.shell:Creating package script '/home/akshit/bcr_mani/install/bcr_mov/share/bcr_mov/package.zsh'
[0.510s] Level 1:colcon.colcon_core.environment:create_file_with_runtime_dependencies(/home/akshit/bcr_mani/install/bcr_mov/share/colcon-core/packages/bcr_mov)
[0.510s] Level 1:colcon.colcon_core.environment:create_environment_scripts_only(bcr_moveit_config)
[0.510s] Level 1:colcon.colcon_core.environment:checking '/home/akshit/bcr_mani/install/bcr_moveit_config' for CMake module files
[0.511s] Level 1:colcon.colcon_core.environment:checking '/home/akshit/bcr_mani/install/bcr_moveit_config' for CMake config files
[0.511s] Level 1:colcon.colcon_core.shell:create_environment_hook('bcr_moveit_config', 'cmake_prefix_path')
[0.512s] INFO:colcon.colcon_core.shell:Creating environment hook '/home/akshit/bcr_mani/install/bcr_moveit_config/share/bcr_moveit_config/hook/cmake_prefix_path.ps1'
[0.512s] INFO:colcon.colcon_core.shell:Creating environment descriptor '/home/akshit/bcr_mani/install/bcr_moveit_config/share/bcr_moveit_config/hook/cmake_prefix_path.dsv'
[0.512s] INFO:colcon.colcon_core.shell:Creating environment hook '/home/akshit/bcr_mani/install/bcr_moveit_config/share/bcr_moveit_config/hook/cmake_prefix_path.sh'
[0.513s] Level 1:colcon.colcon_core.environment:checking '/home/akshit/bcr_mani/install/bcr_moveit_config/bin'
[0.513s] Level 1:colcon.colcon_core.environment:checking '/home/akshit/bcr_mani/install/bcr_moveit_config/lib/pkgconfig/bcr_moveit_config.pc'
[0.513s] Level 1:colcon.colcon_core.environment:checking '/home/akshit/bcr_mani/install/bcr_moveit_config/lib/python3.10/site-packages'
[0.513s] Level 1:colcon.colcon_core.environment:checking '/home/akshit/bcr_mani/install/bcr_moveit_config/bin'
[0.513s] INFO:colcon.colcon_core.shell:Creating package script '/home/akshit/bcr_mani/install/bcr_moveit_config/share/bcr_moveit_config/package.ps1'
[0.514s] INFO:colcon.colcon_core.shell:Creating package descriptor '/home/akshit/bcr_mani/install/bcr_moveit_config/share/bcr_moveit_config/package.dsv'
[0.514s] INFO:colcon.colcon_core.shell:Creating package script '/home/akshit/bcr_mani/install/bcr_moveit_config/share/bcr_moveit_config/package.sh'
[0.514s] INFO:colcon.colcon_core.shell:Creating package script '/home/akshit/bcr_mani/install/bcr_moveit_config/share/bcr_moveit_config/package.bash'
[0.515s] INFO:colcon.colcon_core.shell:Creating package script '/home/akshit/bcr_mani/install/bcr_moveit_config/share/bcr_moveit_config/package.zsh'
[0.515s] Level 1:colcon.colcon_core.environment:create_file_with_runtime_dependencies(/home/akshit/bcr_mani/install/bcr_moveit_config/share/colcon-core/packages/bcr_moveit_config)
[0.515s] DEBUG:colcon.colcon_parallel_executor.executor.parallel:closing loop
[0.515s] DEBUG:colcon.colcon_parallel_executor.executor.parallel:loop closed
[0.515s] DEBUG:colcon.colcon_parallel_executor.executor.parallel:run_until_complete finished with '0'
[0.515s] DEBUG:colcon.colcon_core.event_reactor:joining thread
[0.521s] INFO:colcon.colcon_core.plugin_system:Skipping extension 'colcon_notification.desktop_notification.terminal_notifier': Not used on non-Darwin systems
[0.521s] INFO:colcon.colcon_core.plugin_system:Skipping extension 'colcon_notification.desktop_notification.win32': Not used on non-Windows systems
[0.521s] INFO:colcon.colcon_notification.desktop_notification:Sending desktop notification using 'notify2'
[0.533s] DEBUG:colcon.colcon_core.event_reactor:joined thread
[0.533s] INFO:colcon.colcon_core.shell:Creating prefix script '/home/akshit/bcr_mani/install/local_setup.ps1'
[0.534s] INFO:colcon.colcon_core.shell:Creating prefix util module '/home/akshit/bcr_mani/install/_local_setup_util_ps1.py'
[0.536s] INFO:colcon.colcon_core.shell:Creating prefix chain script '/home/akshit/bcr_mani/install/setup.ps1'
[0.537s] INFO:colcon.colcon_core.shell:Creating prefix script '/home/akshit/bcr_mani/install/local_setup.sh'
[0.537s] INFO:colcon.colcon_core.shell:Creating prefix util module '/home/akshit/bcr_mani/install/_local_setup_util_sh.py'
[0.537s] INFO:colcon.colcon_core.shell:Creating prefix chain script '/home/akshit/bcr_mani/install/setup.sh'
[0.538s] INFO:colcon.colcon_core.shell:Creating prefix script '/home/akshit/bcr_mani/install/local_setup.bash'
[0.539s] INFO:colcon.colcon_core.shell:Creating prefix chain script '/home/akshit/bcr_mani/install/setup.bash'
[0.540s] INFO:colcon.colcon_core.shell:Creating prefix script '/home/akshit/bcr_mani/install/local_setup.zsh'
[0.540s] INFO:colcon.colcon_core.shell:Creating prefix chain script '/home/akshit/bcr_mani/install/setup.zsh'
